<?xml version="1.0" encoding="UTF-8"?>
<!-- Generated by org.testng.reporters.JUnitReportReporter -->
<testsuite hostname="LAPTOP-57K6NQ5R" failures="0" tests="2" name="com.global.fis.TestCases.SearchTest" time="43.835" errors="0" timestamp="2024-12-08T11:59:51 IST" skipped="0">
  <testcase classname="com.global.fis.TestCases.SearchTest" name="searchProductTest" time="25.742"/>
  <testcase classname="com.global.fis.TestCases.SearchTest" name="searchProductTest" time="18.093"/>
</testsuite> <!-- com.global.fis.TestCases.SearchTest -->
